<?xml version="1.0" encoding="utf-8" standalone="no"?>
<!--This file represents the results of running a test suite-->
<test-results name="C:\dev\libs\nunit\samples\csharp\CSharp.sln" total="57" failures="4" not-run="1" date="2008-11-30" time="16:33:06">
  <environment nunit-version="2.4.8.0" clr-version="2.0.50727.3053" os-version="Microsoft Windows NT 6.0.6001 Service Pack 1" platform="Win32NT" cwd="C:\dev\libs\nunit\bin" machine-name="CPOULAIN-LAPTOP" user="cpoulain" user-domain="REDMOND" />
  <culture-info current-culture="en-US" current-uiculture="en-US" />
  <test-suite name="C:\dev\libs\nunit\samples\csharp\CSharp.sln" success="False" time="0.433" asserts="0">
    <results>
      <test-suite name="C:\dev\libs\nunit\samples\csharp\failures\bin\Debug\cs-failures.dll" success="False" time="0.066" asserts="0">
        <results>
          <test-suite name="NUnit" success="False" time="0.066" asserts="0">
            <results>
              <test-suite name="Samples" success="False" time="0.063" asserts="0">
                <results>
                  <test-suite name="SimpleCSharpTest" success="False" time="0.052" asserts="0">
                    <results>
                      <test-case name="NUnit.Samples.SimpleCSharpTest.Add" executed="True" success="False" time="0.025" asserts="1">
                        <failure>
                          <message><![CDATA[  Expected Failure.
  Expected: 6
  But was:  5.0d
]]></message>
                          <stack-trace><![CDATA[at NUnit.Samples.SimpleCSharpTest.Add() in C:\dev\libs\nunit\samples\csharp\failures\CSharpTest.cs:line 43
]]></stack-trace>
                        </failure>
                      </test-case>
                      <test-case name="NUnit.Samples.SimpleCSharpTest.DivideByZero" executed="True" success="False" time="0.003" asserts="0">
                        <failure>
                          <message><![CDATA[System.DivideByZeroException : Attempted to divide by zero.]]></message>
                          <stack-trace><![CDATA[at NUnit.Samples.SimpleCSharpTest.DivideByZero() in C:\dev\libs\nunit\samples\csharp\failures\CSharpTest.cs:line 53
]]></stack-trace>
                        </failure>
                      </test-case>
                      <test-case name="NUnit.Samples.SimpleCSharpTest.Equals" executed="True" success="False" time="0.003" asserts="5">
                        <failure>
                          <message><![CDATA[  Expected Failure (Integer)
  Expected: 12
  But was:  13
]]></message>
                          <stack-trace><![CDATA[at NUnit.Samples.SimpleCSharpTest.Equals() in C:\dev\libs\nunit\samples\csharp\failures\CSharpTest.cs:line 67
]]></stack-trace>
                        </failure>
                      </test-case>
                      <test-case name="NUnit.Samples.SimpleCSharpTest.ExpectAnException" executed="True" success="False" time="0.002" asserts="0">
                        <failure>
                          <message><![CDATA[An unexpected exception type was thrown
Expected: System.InvalidOperationException
 but was: System.InvalidCastException : Specified cast is not valid.]]></message>
                          <stack-trace><![CDATA[at NUnit.Samples.SimpleCSharpTest.ExpectAnException() in C:\dev\libs\nunit\samples\csharp\failures\CSharpTest.cs:line 75
]]></stack-trace>
                        </failure>
                      </test-case>
                      <test-case name="NUnit.Samples.SimpleCSharpTest.IgnoredTest" executed="False">
                        <reason>
                          <message><![CDATA[ignored test]]></message>
                        </reason>
                      </test-case>
                    </results>
                  </test-suite>
                </results>
              </test-suite>
            </results>
          </test-suite>
        </results>
      </test-suite>
      <test-suite name="C:\dev\libs\nunit\samples\csharp\money\bin\Debug\cs-money.dll" success="True" time="0.061" asserts="0">
        <results>
          <test-suite name="NUnit" success="True" time="0.060" asserts="0">
            <results>
              <test-suite name="Samples" success="True" time="0.060" asserts="0">
                <results>
                  <test-suite name="Money" success="True" time="0.055" asserts="0">
                    <results>
                      <test-suite name="MoneyTest" success="True" time="0.054" asserts="0">
                        <results>
                          <test-case name="NUnit.Samples.Money.MoneyTest.BagMultiply" executed="True" success="True" time="0.008" asserts="3" />
                          <test-case name="NUnit.Samples.Money.MoneyTest.BagNegate" executed="True" success="True" time="0.001" asserts="1" />
                          <test-case name="NUnit.Samples.Money.MoneyTest.BagSimpleAdd" executed="True" success="True" time="0.002" asserts="1" />
                          <test-case name="NUnit.Samples.Money.MoneyTest.BagSubtract" executed="True" success="True" time="0.001" asserts="1" />
                          <test-case name="NUnit.Samples.Money.MoneyTest.BagSumAdd" executed="True" success="True" time="0.001" asserts="1" />
                          <test-case name="NUnit.Samples.Money.MoneyTest.IsZero" executed="True" success="True" time="0.001" asserts="2" />
                          <test-case name="NUnit.Samples.Money.MoneyTest.MixedSimpleAdd" executed="True" success="True" time="0.000" asserts="1" />
                          <test-case name="NUnit.Samples.Money.MoneyTest.MoneyBagEquals" executed="True" success="True" time="0.001" asserts="6" />
                          <test-case name="NUnit.Samples.Money.MoneyTest.MoneyBagHash" executed="True" success="True" time="0.001" asserts="1" />
                          <test-case name="NUnit.Samples.Money.MoneyTest.MoneyEquals" executed="True" success="True" time="0.001" asserts="4" />
                          <test-case name="NUnit.Samples.Money.MoneyTest.MoneyHash" executed="True" success="True" time="0.001" asserts="2" />
                          <test-case name="NUnit.Samples.Money.MoneyTest.Normalize" executed="True" success="True" time="0.001" asserts="1" />
                          <test-case name="NUnit.Samples.Money.MoneyTest.Normalize2" executed="True" success="True" time="0.001" asserts="1" />
                          <test-case name="NUnit.Samples.Money.MoneyTest.Normalize3" executed="True" success="True" time="0.001" asserts="1" />
                          <test-case name="NUnit.Samples.Money.MoneyTest.Normalize4" executed="True" success="True" time="0.000" asserts="1" />
                          <test-case name="NUnit.Samples.Money.MoneyTest.Print" executed="True" success="True" time="0.001" asserts="1" />
                          <test-case name="NUnit.Samples.Money.MoneyTest.SimpleAdd" executed="True" success="True" time="0.000" asserts="1" />
                          <test-case name="NUnit.Samples.Money.MoneyTest.SimpleBagAdd" executed="True" success="True" time="0.000" asserts="1" />
                          <test-case name="NUnit.Samples.Money.MoneyTest.SimpleMultiply" executed="True" success="True" time="0.000" asserts="1" />
                          <test-case name="NUnit.Samples.Money.MoneyTest.SimpleNegate" executed="True" success="True" time="0.000" asserts="1" />
                          <test-case name="NUnit.Samples.Money.MoneyTest.SimpleSubtract" executed="True" success="True" time="0.000" asserts="1" />
                        </results>
                      </test-suite>
                    </results>
                  </test-suite>
                </results>
              </test-suite>
            </results>
          </test-suite>
        </results>
      </test-suite>
      <test-suite name="C:\dev\libs\nunit\samples\csharp\money-port\bin\Debug\cs-money-port.dll" success="True" time="0.003" asserts="0">
        <results>
          <test-suite name="NUnit" success="True" time="0.003" asserts="0">
            <results>
              <test-suite name="Samples" success="True" time="0.003" asserts="0">
                <results>
                  <test-suite name="Money" success="True" time="0.003" asserts="0">
                    <results>
                      <test-suite name="Port" success="True" time="0.001" asserts="0">
                        <results>
                          <test-suite name="MoneyTest" success="True" time="0.000" asserts="0">
                            <results />
                          </test-suite>
                        </results>
                      </test-suite>
                    </results>
                  </test-suite>
                </results>
              </test-suite>
            </results>
          </test-suite>
        </results>
      </test-suite>
      <test-suite name="C:\dev\libs\nunit\samples\csharp\syntax\bin\Debug\cs-syntax.dll" success="True" time="0.262" asserts="0">
        <results>
          <test-suite name="NUnit" success="True" time="0.250" asserts="0">
            <results>
              <test-suite name="Framework" success="True" time="0.250" asserts="0">
                <results>
                  <test-suite name="Tests" success="True" time="0.240" asserts="0">
                    <results>
                      <test-suite name="AssertSyntaxTests" success="True" time="0.240" asserts="0">
                        <results>
                          <test-case name="NUnit.Framework.Tests.AssertSyntaxTests.AllItemsTests" executed="True" success="True" time="0.020" asserts="33" />
                          <test-case name="NUnit.Framework.Tests.AssertSyntaxTests.AndOperator" executed="True" success="True" time="0.001" asserts="2" />
                          <test-case name="NUnit.Framework.Tests.AssertSyntaxTests.AssignableFromTypeTests" executed="True" success="True" time="0.002" asserts="6" />
                          <test-case name="NUnit.Framework.Tests.AssertSyntaxTests.CollectionContainsTests" executed="True" success="True" time="0.005" asserts="27" />
                          <test-case name="NUnit.Framework.Tests.AssertSyntaxTests.CollectionEquivalenceTests" executed="True" success="True" time="0.003" asserts="13" />
                          <test-case name="NUnit.Framework.Tests.AssertSyntaxTests.ComparisonTests" executed="True" success="True" time="0.004" asserts="26" />
                          <test-case name="NUnit.Framework.Tests.AssertSyntaxTests.ComplexTests" executed="True" success="True" time="0.002" asserts="6" />
                          <test-case name="NUnit.Framework.Tests.AssertSyntaxTests.EmptyCollectionTests" executed="True" success="True" time="0.002" asserts="6" />
                          <test-case name="NUnit.Framework.Tests.AssertSyntaxTests.EmptyStringTests" executed="True" success="True" time="0.002" asserts="6" />
                          <test-case name="NUnit.Framework.Tests.AssertSyntaxTests.EndsWithTests" executed="True" success="True" time="0.002" asserts="9" />
                          <test-case name="NUnit.Framework.Tests.AssertSyntaxTests.EqualIgnoringCaseTests" executed="True" success="True" time="0.002" asserts="9" />
                          <test-case name="NUnit.Framework.Tests.AssertSyntaxTests.EqualityTests" executed="True" success="True" time="0.002" asserts="14" />
                          <test-case name="NUnit.Framework.Tests.AssertSyntaxTests.EqualityTestsWithTolerance" executed="True" success="True" time="0.007" asserts="18" />
                          <test-case name="NUnit.Framework.Tests.AssertSyntaxTests.EqualityTestsWithTolerance_MixedFloatAndDouble" executed="True" success="True" time="0.001" asserts="6" />
                          <test-case name="NUnit.Framework.Tests.AssertSyntaxTests.EqualityTestsWithTolerance_MixingTypesGenerally" executed="True" success="True" time="0.002" asserts="7" />
                          <test-case name="NUnit.Framework.Tests.AssertSyntaxTests.ExactTypeTests" executed="True" success="True" time="0.001" asserts="8" />
                          <test-case name="NUnit.Framework.Tests.AssertSyntaxTests.InstanceOfTypeTests" executed="True" success="True" time="0.001" asserts="6" />
                          <test-case name="NUnit.Framework.Tests.AssertSyntaxTests.IsFalse" executed="True" success="True" time="0.001" asserts="3" />
                          <test-case name="NUnit.Framework.Tests.AssertSyntaxTests.IsNaN" executed="True" success="True" time="0.001" asserts="6" />
                          <test-case name="NUnit.Framework.Tests.AssertSyntaxTests.IsNotNull" executed="True" success="True" time="0.002" asserts="3" />
                          <test-case name="NUnit.Framework.Tests.AssertSyntaxTests.IsNull" executed="True" success="True" time="0.000" asserts="3" />
                          <test-case name="NUnit.Framework.Tests.AssertSyntaxTests.IsTrue" executed="True" success="True" time="0.001" asserts="5" />
                          <test-case name="NUnit.Framework.Tests.AssertSyntaxTests.NoItemTests" executed="True" success="True" time="0.000" asserts="8" />
                          <test-case name="NUnit.Framework.Tests.AssertSyntaxTests.NotOperator" executed="True" success="True" time="0.000" asserts="2" />
                          <test-case name="NUnit.Framework.Tests.AssertSyntaxTests.NotTests" executed="True" success="True" time="0.001" asserts="14" />
                          <test-case name="NUnit.Framework.Tests.AssertSyntaxTests.OrOperator" executed="True" success="True" time="0.000" asserts="2" />
                          <test-case name="NUnit.Framework.Tests.AssertSyntaxTests.PropertyTests" executed="True" success="True" time="0.007" asserts="48" />
                          <test-case name="NUnit.Framework.Tests.AssertSyntaxTests.RegularExpressionTests" executed="True" success="True" time="0.116" asserts="12" />
                          <test-case name="NUnit.Framework.Tests.AssertSyntaxTests.SomeItemTests" executed="True" success="True" time="0.001" asserts="10" />
                          <test-case name="NUnit.Framework.Tests.AssertSyntaxTests.StartsWithTests" executed="True" success="True" time="0.002" asserts="11" />
                          <test-case name="NUnit.Framework.Tests.AssertSyntaxTests.SubsetTests" executed="True" success="True" time="0.001" asserts="10" />
                          <test-case name="NUnit.Framework.Tests.AssertSyntaxTests.SubstringTests" executed="True" success="True" time="0.001" asserts="11" />
                        </results>
                      </test-suite>
                    </results>
                  </test-suite>
                </results>
              </test-suite>
            </results>
          </test-suite>
        </results>
      </test-suite>
    </results>
  </test-suite>
</test-results>